2011 Apr 25 21:03 - Line #1 has invalid number of elements: []
2011 Apr 25 21:03 - WOO HOO TEST PASSED FOR LINE: 1000011622,Holmes,Katherine,Marilyn,HOLMESK4@UNLV.NEVADA.EDU,HOSBSHA,2048, , , , ,2048, 
2011 Apr 25 21:03 - Line #1 has student with no majors: [1000011622, Holmes, Katherine, Marilyn, HOLMESK4@UNLV.NEVADA.EDU,  ,  ,  ,  ,  ,  , 2048,  ]
2011 Apr 25 21:03 - Line #1 has invalid Term:  
2011 Apr 25 21:03 - Line #1 has invalid Semester: 9
2011 Apr 25 21:03 - Line #1 has invalid Century: 3
2011 Apr 25 21:05 - Line #1 has invalid number of elements: []
2011 Apr 25 21:05 - WOO HOO TEST PASSED FOR LINE: 1000011622,Holmes,Katherine,Marilyn,HOLMESK4@UNLV.NEVADA.EDU,HOSBSHA,2048, , , , ,2048, 
2011 Apr 25 21:05 - Line #1 has student with no majors: [1000011622, Holmes, Katherine, Marilyn, HOLMESK4@UNLV.NEVADA.EDU,  ,  ,  ,  ,  ,  , 2048,  ]
2011 Apr 25 21:05 - Line #1 has invalid Term:  
2011 Apr 25 21:05 - Line #1 has invalid Semester: 9
2011 Apr 25 21:05 - Line #1 has invalid Century: 3
2011 Apr 25 21:07 - Line #1 has invalid number of elements: []
2011 Apr 25 21:07 - WOO HOO TEST PASSED FOR LINE: 1000011622,Holmes,Katherine,Marilyn,HOLMESK4@UNLV.NEVADA.EDU,HOSBSHA,2048, , , , ,2048, 
2011 Apr 25 21:07 - Line #1 has student with no majors: [1000011622, Holmes, Katherine, Marilyn, HOLMESK4@UNLV.NEVADA.EDU,  ,  ,  ,  ,  ,  , 2048,  ]
2011 Apr 25 21:07 - Line #1 has invalid Term:  
2011 Apr 25 21:07 - Line #1 has invalid Semester: 9
2011 Apr 25 21:07 - Line #1 has invalid Century: 3
2011 Apr 25 21:11 - You are running with Spring Security Core 3.0.5.RELEASE
2011 Apr 25 21:11 - Spring Security 'config' module version is 3.0.5.RELEASE
2011 Apr 25 21:11 - Creating access control expression attribute 'hasRole('ROLE_ADMIN')' for /useraccounts/**
2011 Apr 25 21:11 - Creating access control expression attribute 'hasRole('ROLE_ADMIN')' for /choices/**
2011 Apr 25 21:11 - Creating access control expression attribute 'isAuthenticated()' for /member/**
2011 Apr 25 21:11 - Creating access control expression attribute 'permitAll' for /resources/**
2011 Apr 25 21:11 - Creating access control expression attribute 'hasAnyRole('ROLE_ANONYMOUS','ROLE_USER','ROLE_ADMIN','ROLE_SUPERUSER')' for /
2011 Apr 25 21:11 - Creating access control expression attribute 'permitAll' for /login
2011 Apr 25 21:11 - Creating access control expression attribute 'hasAnyRole('ROLE_ADMIN','ROLE_SUPERUSER')' for /**
2011 Apr 25 21:11 - Checking sorted filter chain: [Root bean: class [org.springframework.security.web.context.SecurityContextPersistenceFilter]; scope=; abstract=false; lazyInit=false; autowireMode=0; dependencyCheck=0; autowireCandidate=true; primary=false; factoryBeanName=null; factoryMethodName=null; initMethodName=null; destroyMethodName=null, order = 300, Root bean: class [org.springframework.security.web.authentication.logout.LogoutFilter]; scope=; abstract=false; lazyInit=false; autowireMode=0; dependencyCheck=0; autowireCandidate=true; primary=false; factoryBeanName=null; factoryMethodName=null; initMethodName=null; destroyMethodName=null, order = 400, Root bean: class [org.springframework.security.web.authentication.UsernamePasswordAuthenticationFilter]; scope=; abstract=false; lazyInit=false; autowireMode=0; dependencyCheck=0; autowireCandidate=true; primary=false; factoryBeanName=null; factoryMethodName=null; initMethodName=null; destroyMethodName=null, order = 800, Root bean: class [org.springframework.security.web.authentication.www.BasicAuthenticationFilter]; scope=; abstract=false; lazyInit=false; autowireMode=0; dependencyCheck=0; autowireCandidate=true; primary=false; factoryBeanName=null; factoryMethodName=null; initMethodName=null; destroyMethodName=null, order = 1200, Root bean: class [org.springframework.security.web.savedrequest.RequestCacheAwareFilter]; scope=; abstract=false; lazyInit=false; autowireMode=0; dependencyCheck=0; autowireCandidate=true; primary=false; factoryBeanName=null; factoryMethodName=null; initMethodName=null; destroyMethodName=null, order = 1300, Root bean: class [org.springframework.security.web.servletapi.SecurityContextHolderAwareRequestFilter]; scope=; abstract=false; lazyInit=false; autowireMode=0; dependencyCheck=0; autowireCandidate=true; primary=false; factoryBeanName=null; factoryMethodName=null; initMethodName=null; destroyMethodName=null, order = 1400, Root bean: class [org.springframework.security.web.authentication.AnonymousAuthenticationFilter]; scope=; abstract=false; lazyInit=false; autowireMode=0; dependencyCheck=0; autowireCandidate=true; primary=false; factoryBeanName=null; factoryMethodName=null; initMethodName=null; destroyMethodName=null, order = 1600, Root bean: class [org.springframework.security.web.session.SessionManagementFilter]; scope=; abstract=false; lazyInit=false; autowireMode=0; dependencyCheck=0; autowireCandidate=true; primary=false; factoryBeanName=null; factoryMethodName=null; initMethodName=null; destroyMethodName=null, order = 1700, Root bean: class [org.springframework.security.web.access.ExceptionTranslationFilter]; scope=; abstract=false; lazyInit=false; autowireMode=0; dependencyCheck=0; autowireCandidate=true; primary=false; factoryBeanName=null; factoryMethodName=null; initMethodName=null; destroyMethodName=null, order = 1800, <org.springframework.security.web.access.intercept.FilterSecurityInterceptor#0>, order = 1900]
2011 Apr 25 21:11 - Validated configuration attributes
2011 Apr 25 21:11 - Spring Security 'config' module version is 3.0.5.RELEASE
2011 Apr 25 21:11 - Expressions were enabled for method security but no SecurityExpressionHandler was configured. All hasPermision() expressions will evaluate to false.
2011 Apr 25 21:11 - Validated configuration attributes
2011 Apr 25 21:13 - Sending emails to new students.
2011 Apr 25 21:13 - Sending email to: HOLMESK4@UNLV.NEVADA.EDU with password a4b3lDVb
2011 Apr 25 21:14 - Sending emails to new students.
2011 Apr 27 11:52 - schema export unsuccessful
org.apache.commons.dbcp.SQLNestedException: Cannot create PoolableConnectionFactory (Network error IOException: Connection refused: connect)
	at org.apache.commons.dbcp.BasicDataSource.createPoolableConnectionFactory(BasicDataSource.java:1549)
	at org.apache.commons.dbcp.BasicDataSource.createDataSource(BasicDataSource.java:1388)
	at org.apache.commons.dbcp.BasicDataSource.getConnection(BasicDataSource.java:1044)
	at org.hibernate.ejb.connection.InjectedDataSourceConnectionProvider.getConnection(InjectedDataSourceConnectionProvider.java:71)
	at org.hibernate.tool.hbm2ddl.SuppliedConnectionProviderConnectionHelper.prepare(SuppliedConnectionProviderConnectionHelper.java:51)
	at org.hibernate.tool.hbm2ddl.SchemaExport.execute(SchemaExport.java:263)
	at org.hibernate.tool.hbm2ddl.SchemaExport.create(SchemaExport.java:219)
	at org.hibernate.impl.SessionFactoryImpl.<init>(SessionFactoryImpl.java:372)
	at org.hibernate.cfg.Configuration.buildSessionFactory(Configuration.java:1842)
	at org.hibernate.ejb.Ejb3Configuration.buildEntityManagerFactory(Ejb3Configuration.java:902)
	at org.hibernate.ejb.HibernatePersistence.createContainerEntityManagerFactory(HibernatePersistence.java:74)
	at org.springframework.orm.jpa.LocalContainerEntityManagerFactoryBean.createNativeEntityManagerFactory(LocalContainerEntityManagerFactoryBean.java:225)
	at org.springframework.orm.jpa.AbstractEntityManagerFactoryBean.afterPropertiesSet(AbstractEntityManagerFactoryBean.java:308)
	at org.springframework.beans.factory.support.AbstractAutowireCapableBeanFactory.invokeInitMethods(AbstractAutowireCapableBeanFactory.java:1477)
	at org.springframework.beans.factory.support.AbstractAutowireCapableBeanFactory.initializeBean(AbstractAutowireCapableBeanFactory.java:1417)
	at org.springframework.beans.factory.support.AbstractAutowireCapableBeanFactory.doCreateBean(AbstractAutowireCapableBeanFactory.java:519)
	at org.springframework.beans.factory.support.AbstractAutowireCapableBeanFactory.createBean(AbstractAutowireCapableBeanFactory.java:456)
	at org.springframework.beans.factory.support.AbstractBeanFactory$1.getObject(AbstractBeanFactory.java:291)
	at org.springframework.beans.factory.support.DefaultSingletonBeanRegistry.getSingleton(DefaultSingletonBeanRegistry.java:222)
	at org.springframework.beans.factory.support.AbstractBeanFactory.doGetBean(AbstractBeanFactory.java:288)
	at org.springframework.beans.factory.support.AbstractBeanFactory.getBean(AbstractBeanFactory.java:190)
	at org.springframework.beans.factory.support.BeanDefinitionValueResolver.resolveReference(BeanDefinitionValueResolver.java:322)
	at org.springframework.beans.factory.support.BeanDefinitionValueResolver.resolveValueIfNecessary(BeanDefinitionValueResolver.java:106)
	at org.springframework.beans.factory.support.AbstractAutowireCapableBeanFactory.applyPropertyValues(AbstractAutowireCapableBeanFactory.java:1325)
	at org.springframework.beans.factory.support.AbstractAutowireCapableBeanFactory.populateBean(AbstractAutowireCapableBeanFactory.java:1086)
	at org.springframework.beans.factory.support.AbstractAutowireCapableBeanFactory.doCreateBean(AbstractAutowireCapableBeanFactory.java:517)
	at org.springframework.beans.factory.support.AbstractAutowireCapableBeanFactory.createBean(AbstractAutowireCapableBeanFactory.java:456)
	at org.springframework.beans.factory.support.AbstractBeanFactory$1.getObject(AbstractBeanFactory.java:291)
	at org.springframework.beans.factory.support.DefaultSingletonBeanRegistry.getSingleton(DefaultSingletonBeanRegistry.java:222)
	at org.springframework.beans.factory.support.AbstractBeanFactory.doGetBean(AbstractBeanFactory.java:288)
	at org.springframework.beans.factory.support.AbstractBeanFactory.getBean(AbstractBeanFactory.java:190)
	at org.springframework.beans.factory.support.DefaultListableBeanFactory.preInstantiateSingletons(DefaultListableBeanFactory.java:580)
	at org.springframework.context.support.AbstractApplicationContext.finishBeanFactoryInitialization(AbstractApplicationContext.java:895)
	at org.springframework.context.support.AbstractApplicationContext.refresh(AbstractApplicationContext.java:425)
	at org.springframework.test.context.support.AbstractGenericContextLoader.loadContext(AbstractGenericContextLoader.java:84)
	at org.springframework.test.context.support.AbstractGenericContextLoader.loadContext(AbstractGenericContextLoader.java:1)
	at org.springframework.test.context.TestContext.loadApplicationContext(TestContext.java:280)
	at org.springframework.test.context.TestContext.getApplicationContext(TestContext.java:304)
	at org.springframework.test.context.support.DependencyInjectionTestExecutionListener.injectDependencies(DependencyInjectionTestExecutionListener.java:109)
	at org.springframework.test.context.support.DependencyInjectionTestExecutionListener.prepareTestInstance(DependencyInjectionTestExecutionListener.java:75)
	at org.springframework.test.context.TestContextManager.prepareTestInstance(TestContextManager.java:321)
	at org.springframework.test.context.junit4.SpringJUnit4ClassRunner.createTest(SpringJUnit4ClassRunner.java:220)
	at org.springframework.test.context.junit4.SpringJUnit4ClassRunner$1.runReflectiveCall(SpringJUnit4ClassRunner.java:301)
	at org.junit.internal.runners.model.ReflectiveCallable.run(ReflectiveCallable.java:15)
	at org.springframework.test.context.junit4.SpringJUnit4ClassRunner.methodBlock(SpringJUnit4ClassRunner.java:303)
	at org.springframework.test.context.junit4.SpringJUnit4ClassRunner.runChild(SpringJUnit4ClassRunner.java:240)
	at org.junit.runners.BlockJUnit4ClassRunner.runChild(BlockJUnit4ClassRunner.java:50)
	at org.junit.runners.ParentRunner$3.run(ParentRunner.java:193)
	at org.junit.runners.ParentRunner$1.schedule(ParentRunner.java:52)
	at org.junit.runners.ParentRunner.runChildren(ParentRunner.java:191)
	at org.junit.runners.ParentRunner.access$000(ParentRunner.java:42)
	at org.junit.runners.ParentRunner$2.evaluate(ParentRunner.java:184)
	at org.springframework.test.context.junit4.statements.RunBeforeTestClassCallbacks.evaluate(RunBeforeTestClassCallbacks.java:61)
	at org.springframework.test.context.junit4.statements.RunAfterTestClassCallbacks.evaluate(RunAfterTestClassCallbacks.java:70)
	at org.junit.runners.ParentRunner.run(ParentRunner.java:236)
	at org.springframework.test.context.junit4.SpringJUnit4ClassRunner.run(SpringJUnit4ClassRunner.java:180)
	at org.apache.maven.surefire.junit4.JUnit4TestSet.execute(JUnit4TestSet.java:59)
	at org.apache.maven.surefire.suite.AbstractDirectoryTestSuite.executeTestSet(AbstractDirectoryTestSuite.java:115)
	at org.apache.maven.surefire.suite.AbstractDirectoryTestSuite.execute(AbstractDirectoryTestSuite.java:102)
	at org.apache.maven.surefire.Surefire.run(Surefire.java:180)
	at sun.reflect.NativeMethodAccessorImpl.invoke0(Native Method)
	at sun.reflect.NativeMethodAccessorImpl.invoke(NativeMethodAccessorImpl.java:39)
	at sun.reflect.DelegatingMethodAccessorImpl.invoke(DelegatingMethodAccessorImpl.java:25)
	at java.lang.reflect.Method.invoke(Method.java:597)
	at org.apache.maven.surefire.booter.SurefireBooter.runSuitesInProcess(SurefireBooter.java:350)
	at org.apache.maven.surefire.booter.SurefireBooter.main(SurefireBooter.java:1021)
Caused by: java.sql.SQLException: Network error IOException: Connection refused: connect
	at net.sourceforge.jtds.jdbc.ConnectionJDBC2.<init>(ConnectionJDBC2.java:395)
	at net.sourceforge.jtds.jdbc.ConnectionJDBC3.<init>(ConnectionJDBC3.java:50)
	at net.sourceforge.jtds.jdbc.Driver.connect(Driver.java:184)
	at org.apache.commons.dbcp.DriverConnectionFactory.createConnection(DriverConnectionFactory.java:38)
	at org.apache.commons.dbcp.PoolableConnectionFactory.makeObject(PoolableConnectionFactory.java:582)
	at org.apache.commons.dbcp.BasicDataSource.validateConnectionFactory(BasicDataSource.java:1556)
	at org.apache.commons.dbcp.BasicDataSource.createPoolableConnectionFactory(BasicDataSource.java:1545)
	... 65 more
Caused by: java.net.ConnectException: Connection refused: connect
	at java.net.PlainSocketImpl.socketConnect(Native Method)
	at java.net.PlainSocketImpl.doConnect(PlainSocketImpl.java:333)
	at java.net.PlainSocketImpl.connectToAddress(PlainSocketImpl.java:195)
	at java.net.PlainSocketImpl.connect(PlainSocketImpl.java:182)
	at java.net.SocksSocketImpl.connect(SocksSocketImpl.java:366)
	at java.net.Socket.connect(Socket.java:529)
	at sun.reflect.NativeMethodAccessorImpl.invoke0(Native Method)
	at sun.reflect.NativeMethodAccessorImpl.invoke(NativeMethodAccessorImpl.java:39)
	at sun.reflect.DelegatingMethodAccessorImpl.invoke(DelegatingMethodAccessorImpl.java:25)
	at java.lang.reflect.Method.invoke(Method.java:597)
	at net.sourceforge.jtds.jdbc.SharedSocket.createSocketForJDBC3(SharedSocket.java:305)
	at net.sourceforge.jtds.jdbc.SharedSocket.<init>(SharedSocket.java:255)
	at net.sourceforge.jtds.jdbc.ConnectionJDBC2.<init>(ConnectionJDBC2.java:323)
	... 71 more
2011 Apr 27 11:52 - Cannot create PoolableConnectionFactory (Network error IOException: Connection refused: connect)
2011 Apr 27 11:52 - Cannot create PoolableConnectionFactory (Network error IOException: Connection refused: connect)
2011 Apr 27 11:52 - Cannot create PoolableConnectionFactory (Network error IOException: Connection refused: connect)
2011 Apr 27 11:52 - Cannot create PoolableConnectionFactory (Network error IOException: Connection refused: connect)
2011 Apr 27 11:52 - Cannot create PoolableConnectionFactory (Network error IOException: Connection refused: connect)
2011 Apr 27 11:52 - Cannot create PoolableConnectionFactory (Network error IOException: Connection refused: connect)
2011 Apr 27 11:52 - Cannot create PoolableConnectionFactory (Network error IOException: Connection refused: connect)
2011 Apr 27 11:52 - Cannot create PoolableConnectionFactory (Network error IOException: Connection refused: connect)
2011 Apr 27 11:52 - Cannot create PoolableConnectionFactory (Network error IOException: Connection refused: connect)
2011 Apr 27 11:52 - Cannot create PoolableConnectionFactory (Network error IOException: Connection refused: connect)
2011 Apr 27 11:52 - Cannot create PoolableConnectionFactory (Network error IOException: Connection refused: connect)
2011 Apr 27 11:52 - Cannot create PoolableConnectionFactory (Network error IOException: Connection refused: connect)
2011 Apr 27 11:52 - Cannot create PoolableConnectionFactory (Network error IOException: Connection refused: connect)
2011 Apr 27 11:52 - Cannot create PoolableConnectionFactory (Network error IOException: Connection refused: connect)
2011 Apr 27 11:52 - Cannot create PoolableConnectionFactory (Network error IOException: Connection refused: connect)
2011 Apr 27 11:52 - Cannot create PoolableConnectionFactory (Network error IOException: Connection refused: connect)
2011 Apr 27 11:52 - Cannot create PoolableConnectionFactory (Network error IOException: Connection refused: connect)
2011 Apr 27 11:52 - Cannot create PoolableConnectionFactory (Network error IOException: Connection refused: connect)
2011 Apr 27 11:52 - Cannot create PoolableConnectionFactory (Network error IOException: Connection refused: connect)
2011 Apr 27 11:52 - Cannot create PoolableConnectionFactory (Network error IOException: Connection refused: connect)
2011 Apr 27 11:52 - Cannot create PoolableConnectionFactory (Network error IOException: Connection refused: connect)
2011 Apr 27 11:52 - Cannot create PoolableConnectionFactory (Network error IOException: Connection refused: connect)
2011 Apr 27 11:52 - Cannot create PoolableConnectionFactory (Network error IOException: Connection refused: connect)
2011 Apr 27 11:52 - Cannot create PoolableConnectionFactory (Network error IOException: Connection refused: connect)
2011 Apr 27 11:52 - Cannot create PoolableConnectionFactory (Network error IOException: Connection refused: connect)
2011 Apr 27 11:52 - Cannot create PoolableConnectionFactory (Network error IOException: Connection refused: connect)
2011 Apr 27 11:52 - Cannot create PoolableConnectionFactory (Network error IOException: Connection refused: connect)
2011 Apr 27 11:52 - Cannot create PoolableConnectionFactory (Network error IOException: Connection refused: connect)
2011 Apr 27 11:52 - Cannot create PoolableConnectionFactory (Network error IOException: Connection refused: connect)
2011 Apr 27 11:52 - Cannot create PoolableConnectionFactory (Network error IOException: Connection refused: connect)
2011 Apr 27 11:52 - Cannot create PoolableConnectionFactory (Network error IOException: Connection refused: connect)
2011 Apr 27 11:52 - Cannot create PoolableConnectionFactory (Network error IOException: Connection refused: connect)
2011 Apr 27 11:52 - Cannot create PoolableConnectionFactory (Network error IOException: Connection refused: connect)
2011 Apr 27 11:52 - Cannot create PoolableConnectionFactory (Network error IOException: Connection refused: connect)
2011 Apr 27 11:52 - Cannot create PoolableConnectionFactory (Network error IOException: Connection refused: connect)
2011 Apr 27 11:52 - Cannot create PoolableConnectionFactory (Network error IOException: Connection refused: connect)
2011 Apr 27 11:52 - Cannot create PoolableConnectionFactory (Network error IOException: Connection refused: connect)
2011 Apr 27 11:52 - Cannot create PoolableConnectionFactory (Network error IOException: Connection refused: connect)
2011 Apr 27 11:52 - Cannot create PoolableConnectionFactory (Network error IOException: Connection refused: connect)
2011 Apr 27 11:52 - Cannot create PoolableConnectionFactory (Network error IOException: Connection refused: connect)
2011 Apr 27 11:52 - Cannot create PoolableConnectionFactory (Network error IOException: Connection refused: connect)
2011 Apr 27 11:52 - Cannot create PoolableConnectionFactory (Network error IOException: Connection refused: connect)
2011 Apr 27 11:52 - Cannot create PoolableConnectionFactory (Network error IOException: Connection refused: connect)
2011 Apr 27 11:52 - Cannot create PoolableConnectionFactory (Network error IOException: Connection refused: connect)
2011 Apr 27 11:52 - Cannot create PoolableConnectionFactory (Network error IOException: Connection refused: connect)
2011 Apr 27 11:52 - Cannot create PoolableConnectionFactory (Network error IOException: Connection refused: connect)
2011 Apr 27 11:52 - Cannot create PoolableConnectionFactory (Network error IOException: Connection refused: connect)
2011 Apr 27 11:52 - Cannot create PoolableConnectionFactory (Network error IOException: Connection refused: connect)
2011 Apr 27 11:52 - Cannot create PoolableConnectionFactory (Network error IOException: Connection refused: connect)
2011 Apr 27 11:52 - Cannot create PoolableConnectionFactory (Network error IOException: Connection refused: connect)
2011 Apr 27 11:52 - Cannot create PoolableConnectionFactory (Network error IOException: Connection refused: connect)
2011 Apr 27 11:52 - Cannot create PoolableConnectionFactory (Network error IOException: Connection refused: connect)
2011 Apr 27 11:52 - Cannot create PoolableConnectionFactory (Network error IOException: Connection refused: connect)
2011 Apr 27 11:52 - Cannot create PoolableConnectionFactory (Network error IOException: Connection refused: connect)
2011 Apr 27 11:52 - Cannot create PoolableConnectionFactory (Network error IOException: Connection refused: connect)
2011 Apr 27 11:53 - Cannot create PoolableConnectionFactory (Network error IOException: Connection refused: connect)
2011 Apr 27 11:53 - Cannot create PoolableConnectionFactory (Network error IOException: Connection refused: connect)
2011 Apr 27 11:53 - Cannot create PoolableConnectionFactory (Network error IOException: Connection refused: connect)
2011 Apr 27 11:53 - Cannot create PoolableConnectionFactory (Network error IOException: Connection refused: connect)
2011 Apr 27 11:53 - Cannot create PoolableConnectionFactory (Network error IOException: Connection refused: connect)
2011 Apr 27 11:53 - Cannot create PoolableConnectionFactory (Network error IOException: Connection refused: connect)
2011 Apr 27 11:53 - Cannot create PoolableConnectionFactory (Network error IOException: Connection refused: connect)
2011 Apr 27 11:53 - Cannot create PoolableConnectionFactory (Network error IOException: Connection refused: connect)
2011 Apr 27 11:53 - Cannot create PoolableConnectionFactory (Network error IOException: Connection refused: connect)
2011 Apr 27 11:53 - Cannot create PoolableConnectionFactory (Network error IOException: Connection refused: connect)
2011 Apr 27 11:53 - Cannot create PoolableConnectionFactory (Network error IOException: Connection refused: connect)
2011 Apr 27 11:53 - Cannot create PoolableConnectionFactory (Network error IOException: Connection refused: connect)
2011 Apr 27 11:53 - Cannot create PoolableConnectionFactory (Network error IOException: Connection refused: connect)
2011 Apr 27 11:53 - Cannot create PoolableConnectionFactory (Network error IOException: Connection refused: connect)
2011 Apr 27 11:53 - Cannot create PoolableConnectionFactory (Network error IOException: Connection refused: connect)
2011 Apr 27 11:53 - Cannot create PoolableConnectionFactory (Network error IOException: Connection refused: connect)
2011 Apr 27 11:53 - Cannot create PoolableConnectionFactory (Network error IOException: Connection refused: connect)
2011 Apr 27 11:53 - Cannot create PoolableConnectionFactory (Network error IOException: Connection refused: connect)
2011 Apr 27 11:53 - Cannot create PoolableConnectionFactory (Network error IOException: Connection refused: connect)
2011 Apr 27 11:53 - Cannot create PoolableConnectionFactory (Network error IOException: Connection refused: connect)
2011 Apr 27 11:53 - Cannot create PoolableConnectionFactory (Network error IOException: Connection refused: connect)
2011 Apr 27 11:53 - Cannot create PoolableConnectionFactory (Network error IOException: Connection refused: connect)
2011 Apr 27 11:53 - Cannot create PoolableConnectionFactory (Network error IOException: Connection refused: connect)
2011 Apr 27 11:53 - Cannot create PoolableConnectionFactory (Network error IOException: Connection refused: connect)
2011 Apr 27 11:53 - Cannot create PoolableConnectionFactory (Network error IOException: Connection refused: connect)
2011 Apr 27 11:53 - Cannot create PoolableConnectionFactory (Network error IOException: Connection refused: connect)
2011 Apr 27 11:53 - Cannot create PoolableConnectionFactory (Network error IOException: Connection refused: connect)
2011 Apr 27 11:53 - Cannot create PoolableConnectionFactory (Network error IOException: Connection refused: connect)
2011 Apr 27 11:53 - Cannot create PoolableConnectionFactory (Network error IOException: Connection refused: connect)
2011 Apr 27 11:53 - Cannot create PoolableConnectionFactory (Network error IOException: Connection refused: connect)
2011 Apr 27 11:53 - Cannot create PoolableConnectionFactory (Network error IOException: Connection refused: connect)
2011 Apr 27 11:53 - Cannot create PoolableConnectionFactory (Network error IOException: Connection refused: connect)
2011 Apr 27 11:53 - Cannot create PoolableConnectionFactory (Network error IOException: Connection refused: connect)
