-outxml
-source
1.5
-target
1.5
-classpath
/Users/user/.m2/repository/antlr/antlr/2.7.6/antlr-2.7.6.jar:/Users/user/.m2/repository/aopalliance/aopalliance/1.0/aopalliance-1.0.jar:/Users/user/.m2/repository/cglib/cglib-nodep/2.2/cglib-nodep-2.2.jar:/Users/user/.m2/repository/commons-beanutils/commons-beanutils/1.8.0/commons-beanutils-1.8.0.jar:/Users/user/.m2/repository/commons-collections/commons-collections/3.1/commons-collections-3.1.jar:/Users/user/.m2/repository/commons-dbcp/commons-dbcp/1.3/commons-dbcp-1.3.jar:/Users/user/.m2/repository/commons-digester/commons-digester/2.0/commons-digester-2.0.jar:/Users/user/.m2/repository/commons-fileupload/commons-fileupload/1.2.1/commons-fileupload-1.2.1.jar:/Users/user/.m2/repository/commons-io/commons-io/2.0.1/commons-io-2.0.1.jar:/Users/user/.m2/repository/commons-pool/commons-pool/1.5.4/commons-pool-1.5.4.jar:/Users/user/.m2/repository/dom4j/dom4j/1.6.1/dom4j-1.6.1.jar:/Users/user/.m2/repository/javassist/javassist/3.12.0.GA/javassist-3.12.0.GA.jar:/Users/user/.m2/repository/javax/activation/activation/1.1/activation-1.1.jar:/Users/user/.m2/repository/javax/annotation/jsr250-api/1.0/jsr250-api-1.0.jar:/Users/user/.m2/repository/javax/el/el-api/1.0/el-api-1.0.jar:/Users/user/.m2/repository/javax/servlet/jstl/1.2/jstl-1.2.jar:/Users/user/.m2/repository/javax/servlet/servlet-api/2.5/servlet-api-2.5.jar:/Users/user/.m2/repository/javax/servlet/jsp/jsp-api/2.1/jsp-api-2.1.jar:/Users/user/.m2/repository/javax/transaction/jta/1.1/jta-1.1.jar:/Users/user/.m2/repository/javax/validation/validation-api/1.0.0.GA/validation-api-1.0.0.GA.jar:/Users/user/.m2/repository/javax/xml/bind/jaxb-api/2.1/jaxb-api-2.1.jar:/Users/user/.m2/repository/javax/xml/stream/stax-api/1.0-2/stax-api-1.0-2.jar:/Users/user/.m2/repository/joda-time/joda-time/1.6/joda-time-1.6.jar:/Users/user/.m2/repository/junit/junit/4.8.1/junit-4.8.1.jar:/Users/user/.m2/repository/log4j/log4j/1.2.16/log4j-1.2.16.jar:/Users/user/.m2/repository/mysql/mysql-connector-java/5.1.13/mysql-connector-java-5.1.13.jar:/Users/user/.m2/repository/net/sf/flexjson/flexjson/2.0/flexjson-2.0.jar:/Users/user/.m2/repository/net/sf/opencsv/opencsv/2.0/opencsv-2.0.jar:/Users/user/.m2/repository/org/apache/tiles/tiles-api/2.2.1/tiles-api-2.2.1.jar:/Users/user/.m2/repository/org/apache/tiles/tiles-core/2.2.1/tiles-core-2.2.1.jar:/Users/user/.m2/repository/org/apache/tiles/tiles-jsp/2.2.1/tiles-jsp-2.2.1.jar:/Users/user/.m2/repository/org/apache/tiles/tiles-servlet/2.2.1/tiles-servlet-2.2.1.jar:/Users/user/.m2/repository/org/apache/tiles/tiles-template/2.2.1/tiles-template-2.2.1.jar:/Users/user/.m2/repository/org/aspectj/aspectjrt/1.6.11.M1/aspectjrt-1.6.11.M1.jar:/Users/user/.m2/repository/org/aspectj/aspectjweaver/1.6.11.M1/aspectjweaver-1.6.11.M1.jar:/Users/user/.m2/repository/org/easymock/easymock/3.0/easymock-3.0.jar:/Users/user/.m2/repository/org/hibernate/hibernate-commons-annotations/3.2.0.Final/hibernate-commons-annotations-3.2.0.Final.jar:/Users/user/.m2/repository/org/hibernate/hibernate-core/3.6.0.Final/hibernate-core-3.6.0.Final.jar:/Users/user/.m2/repository/org/hibernate/hibernate-entitymanager/3.6.0.Final/hibernate-entitymanager-3.6.0.Final.jar:/Users/user/.m2/repository/org/hibernate/hibernate-validator/4.1.0.Final/hibernate-validator-4.1.0.Final.jar:/Users/user/.m2/repository/org/hibernate/javax/persistence/hibernate-jpa-2.0-api/1.0.0.Final/hibernate-jpa-2.0-api-1.0.0.Final.jar:/Users/user/.m2/repository/org/slf4j/jcl-over-slf4j/1.6.1/jcl-over-slf4j-1.6.1.jar:/Users/user/.m2/repository/org/slf4j/slf4j-api/1.6.1/slf4j-api-1.6.1.jar:/Users/user/.m2/repository/org/slf4j/slf4j-log4j12/1.6.1/slf4j-log4j12-1.6.1.jar:/Users/user/.m2/repository/org/springframework/spring-aop/3.0.5.RELEASE/spring-aop-3.0.5.RELEASE.jar:/Users/user/.m2/repository/org/springframework/spring-asm/3.0.5.RELEASE/spring-asm-3.0.5.RELEASE.jar:/Users/user/.m2/repository/org/springframework/spring-aspects/3.0.5.RELEASE/spring-aspects-3.0.5.RELEASE.jar:/Users/user/.m2/repository/org/springframework/spring-beans/3.0.5.RELEASE/spring-beans-3.0.5.RELEASE.jar:/Users/user/.m2/repository/org/springframework/spring-context/3.0.5.RELEASE/spring-context-3.0.5.RELEASE.jar:/Users/user/.m2/repository/org/springframework/spring-context-support/3.0.5.RELEASE/spring-context-support-3.0.5.RELEASE.jar:/Users/user/.m2/repository/org/springframework/spring-core/3.0.5.RELEASE/spring-core-3.0.5.RELEASE.jar:/Users/user/.m2/repository/org/springframework/spring-expression/3.0.5.RELEASE/spring-expression-3.0.5.RELEASE.jar:/Users/user/.m2/repository/org/springframework/spring-jdbc/3.0.5.RELEASE/spring-jdbc-3.0.5.RELEASE.jar:/Users/user/.m2/repository/org/springframework/spring-orm/3.0.5.RELEASE/spring-orm-3.0.5.RELEASE.jar:/Users/user/.m2/repository/org/springframework/spring-test/3.0.5.RELEASE/spring-test-3.0.5.RELEASE.jar:/Users/user/.m2/repository/org/springframework/spring-tx/3.0.5.RELEASE/spring-tx-3.0.5.RELEASE.jar:/Users/user/.m2/repository/org/springframework/spring-web/3.0.5.RELEASE/spring-web-3.0.5.RELEASE.jar:/Users/user/.m2/repository/org/springframework/spring-webmvc/3.0.5.RELEASE/spring-webmvc-3.0.5.RELEASE.jar:/Users/user/.m2/repository/org/springframework/roo/org.springframework.roo.annotations/1.1.2.RELEASE/org.springframework.roo.annotations-1.1.2.RELEASE.jar:/Users/user/.m2/repository/org/springframework/security/spring-security-acl/3.0.5.RELEASE/spring-security-acl-3.0.5.RELEASE.jar:/Users/user/.m2/repository/org/springframework/security/spring-security-config/3.0.5.RELEASE/spring-security-config-3.0.5.RELEASE.jar:/Users/user/.m2/repository/org/springframework/security/spring-security-core/3.0.5.RELEASE/spring-security-core-3.0.5.RELEASE.jar:/Users/user/.m2/repository/org/springframework/security/spring-security-taglibs/3.0.5.RELEASE/spring-security-taglibs-3.0.5.RELEASE.jar:/Users/user/.m2/repository/org/springframework/security/spring-security-web/3.0.5.RELEASE/spring-security-web-3.0.5.RELEASE.jar:/Users/user/.m2/repository/org/springframework/webflow/spring-js-resources/2.2.1.RELEASE/spring-js-resources-2.2.1.RELEASE.jar:/Users/user/Documents/workspace-sts-2.6.0.SR1/RebelHotel/target/classes
-aspectpath
/Users/user/.m2/repository/org/springframework/spring-aspects/3.0.5.RELEASE/spring-aspects-3.0.5.RELEASE.jar
-d
/Users/user/Documents/workspace-sts-2.6.0.SR1/RebelHotel/target/classes
/Users/user/Documents/workspace-sts-2.6.0.SR1/RebelHotel/src/main/java/edu/unlv/cs/rebelhotel/file/DefaultStudentService.java
/Users/user/Documents/workspace-sts-2.6.0.SR1/RebelHotel/src/main/java/edu/unlv/cs/rebelhotel/domain/WorkRequirement_Roo_Entity.aj
/Users/user/Documents/workspace-sts-2.6.0.SR1/RebelHotel/src/main/java/edu/unlv/cs/rebelhotel/web/TermController.java
/Users/user/Documents/workspace-sts-2.6.0.SR1/RebelHotel/src/main/java/edu/unlv/cs/rebelhotel/file/FileStudent.java
/Users/user/Documents/workspace-sts-2.6.0.SR1/RebelHotel/src/main/java/edu/unlv/cs/rebelhotel/domain/WorkRequirement.java
/Users/user/Documents/workspace-sts-2.6.0.SR1/RebelHotel/src/main/java/edu/unlv/cs/rebelhotel/domain/Major_Roo_Configurable.aj
/Users/user/Documents/workspace-sts-2.6.0.SR1/RebelHotel/src/main/java/edu/unlv/cs/rebelhotel/domain/Student_Roo_Finder.aj
/Users/user/Documents/workspace-sts-2.6.0.SR1/RebelHotel/src/main/java/edu/unlv/cs/rebelhotel/file/Line_Roo_JavaBean.aj
/Users/user/Documents/workspace-sts-2.6.0.SR1/RebelHotel/src/main/java/edu/unlv/cs/rebelhotel/service/TermService.java
/Users/user/Documents/workspace-sts-2.6.0.SR1/RebelHotel/src/main/java/edu/unlv/cs/rebelhotel/domain/Employer_Roo_JavaBean.aj
/Users/user/Documents/workspace-sts-2.6.0.SR1/RebelHotel/src/main/java/edu/unlv/cs/rebelhotel/domain/Student_Roo_Entity.aj
/Users/user/Documents/workspace-sts-2.6.0.SR1/RebelHotel/src/main/java/edu/unlv/cs/rebelhotel/domain/Term.java
/Users/user/Documents/workspace-sts-2.6.0.SR1/RebelHotel/src/main/java/edu/unlv/cs/rebelhotel/domain/UserAccount_Roo_Finder.aj
/Users/user/Documents/workspace-sts-2.6.0.SR1/RebelHotel/src/main/java/edu/unlv/cs/rebelhotel/validators/WorkEffortValidator.java
/Users/user/Documents/workspace-sts-2.6.0.SR1/RebelHotel/src/main/java/edu/unlv/cs/rebelhotel/domain/WorkEffortDuration.java
/Users/user/Documents/workspace-sts-2.6.0.SR1/RebelHotel/src/main/java/edu/unlv/cs/rebelhotel/domain/WorkRequirement_Roo_Configurable.aj
/Users/user/Documents/workspace-sts-2.6.0.SR1/RebelHotel/src/main/java/edu/unlv/cs/rebelhotel/file/Lexer.java
/Users/user/Documents/workspace-sts-2.6.0.SR1/RebelHotel/src/main/java/edu/unlv/cs/rebelhotel/web/StudentController_Roo_Controller.aj
/Users/user/Documents/workspace-sts-2.6.0.SR1/RebelHotel/src/main/java/edu/unlv/cs/rebelhotel/web/ApplicationConversionServiceFactoryBean_Roo_ConversionService.aj
/Users/user/Documents/workspace-sts-2.6.0.SR1/RebelHotel/src/main/java/edu/unlv/cs/rebelhotel/service/RebelUserDetails.java
/Users/user/Documents/workspace-sts-2.6.0.SR1/RebelHotel/src/main/java/edu/unlv/cs/rebelhotel/domain/WorkTemplate_Roo_Finder.aj
/Users/user/Documents/workspace-sts-2.6.0.SR1/RebelHotel/src/main/java/edu/unlv/cs/rebelhotel/domain/WorkEffort_Roo_Finder.aj
/Users/user/Documents/workspace-sts-2.6.0.SR1/RebelHotel/src/main/java/edu/unlv/cs/rebelhotel/web/WorkTemplateController_Roo_Controller.aj
/Users/user/Documents/workspace-sts-2.6.0.SR1/RebelHotel/src/main/java/edu/unlv/cs/rebelhotel/file/Line_Roo_ToString.aj
/Users/user/Documents/workspace-sts-2.6.0.SR1/RebelHotel/src/main/java/edu/unlv/cs/rebelhotel/web/StudentController.java
/Users/user/Documents/workspace-sts-2.6.0.SR1/RebelHotel/src/main/java/edu/unlv/cs/rebelhotel/web/TermController_Roo_Controller.aj
/Users/user/Documents/workspace-sts-2.6.0.SR1/RebelHotel/src/main/java/edu/unlv/cs/rebelhotel/domain/enums/Semester.java
/Users/user/Documents/workspace-sts-2.6.0.SR1/RebelHotel/src/main/java/edu/unlv/cs/rebelhotel/domain/Test.java
/Users/user/Documents/workspace-sts-2.6.0.SR1/RebelHotel/src/main/java/edu/unlv/cs/rebelhotel/web/WorkRequirementController.java
/Users/user/Documents/workspace-sts-2.6.0.SR1/RebelHotel/src/main/java/edu/unlv/cs/rebelhotel/web/WorkTemplateController.java
/Users/user/Documents/workspace-sts-2.6.0.SR1/RebelHotel/src/main/java/edu/unlv/cs/rebelhotel/domain/UserAccount.java
/Users/user/Documents/workspace-sts-2.6.0.SR1/RebelHotel/src/main/java/edu/unlv/cs/rebelhotel/validators/TermValidator.java
/Users/user/Documents/workspace-sts-2.6.0.SR1/RebelHotel/src/main/java/edu/unlv/cs/rebelhotel/service/StudentQueryService.java
/Users/user/Documents/workspace-sts-2.6.0.SR1/RebelHotel/src/main/java/edu/unlv/cs/rebelhotel/form/FormStudentQuery.java
/Users/user/Documents/workspace-sts-2.6.0.SR1/RebelHotel/src/main/java/edu/unlv/cs/rebelhotel/web/MajorController_Roo_Controller.aj
/Users/user/Documents/workspace-sts-2.6.0.SR1/RebelHotel/src/main/java/edu/unlv/cs/rebelhotel/domain/WorkTemplate.java
/Users/user/Documents/workspace-sts-2.6.0.SR1/RebelHotel/src/main/java/edu/unlv/cs/rebelhotel/service/UserInformation.java
/Users/user/Documents/workspace-sts-2.6.0.SR1/RebelHotel/src/main/java/edu/unlv/cs/rebelhotel/domain/Supervisor_Roo_JavaBean.aj
/Users/user/Documents/workspace-sts-2.6.0.SR1/RebelHotel/src/main/java/edu/unlv/cs/rebelhotel/file/enums/Departments.java
/Users/user/Documents/workspace-sts-2.6.0.SR1/RebelHotel/src/main/java/edu/unlv/cs/rebelhotel/domain/Student_Roo_Configurable.aj
/Users/user/Documents/workspace-sts-2.6.0.SR1/RebelHotel/src/main/java/edu/unlv/cs/rebelhotel/file/StudentMapper.java
/Users/user/Documents/workspace-sts-2.6.0.SR1/RebelHotel/src/main/java/edu/unlv/cs/rebelhotel/domain/WorkEffort.java
/Users/user/Documents/workspace-sts-2.6.0.SR1/RebelHotel/src/main/java/edu/unlv/cs/rebelhotel/file/FileStudent_Roo_ToString.aj
/Users/user/Documents/workspace-sts-2.6.0.SR1/RebelHotel/src/main/java/edu/unlv/cs/rebelhotel/validators/WorkEffortDurationValidator.java
/Users/user/Documents/workspace-sts-2.6.0.SR1/RebelHotel/src/main/java/edu/unlv/cs/rebelhotel/file/FileStudent_Roo_JavaBean.aj
/Users/user/Documents/workspace-sts-2.6.0.SR1/RebelHotel/src/main/java/edu/unlv/cs/rebelhotel/file/DefaultParser.java
/Users/user/Documents/workspace-sts-2.6.0.SR1/RebelHotel/src/main/java/edu/unlv/cs/rebelhotel/domain/enums/Verification.java
/Users/user/Documents/workspace-sts-2.6.0.SR1/RebelHotel/src/main/java/edu/unlv/cs/rebelhotel/domain/WorkEffort_Roo_Entity.aj
/Users/user/Documents/workspace-sts-2.6.0.SR1/RebelHotel/src/main/java/edu/unlv/cs/rebelhotel/domain/Employer_Roo_ToString.aj
/Users/user/Documents/workspace-sts-2.6.0.SR1/RebelHotel/src/main/java/edu/unlv/cs/rebelhotel/web/MajorController.java
/Users/user/Documents/workspace-sts-2.6.0.SR1/RebelHotel/src/main/java/edu/unlv/cs/rebelhotel/domain/Term_Roo_Finder.aj
/Users/user/Documents/workspace-sts-2.6.0.SR1/RebelHotel/src/main/java/edu/unlv/cs/rebelhotel/domain/enums/UserGroup.java
/Users/user/Documents/workspace-sts-2.6.0.SR1/RebelHotel/src/main/java/edu/unlv/cs/rebelhotel/domain/Major_Roo_Entity.aj
/Users/user/Documents/workspace-sts-2.6.0.SR1/RebelHotel/src/main/java/edu/unlv/cs/rebelhotel/web/ApplicationConversionServiceFactoryBean.java
/Users/user/Documents/workspace-sts-2.6.0.SR1/RebelHotel/src/main/java/edu/unlv/cs/rebelhotel/service/WorkRequirementService.java
/Users/user/Documents/workspace-sts-2.6.0.SR1/RebelHotel/src/main/java/edu/unlv/cs/rebelhotel/domain/Term_Roo_Entity.aj
/Users/user/Documents/workspace-sts-2.6.0.SR1/RebelHotel/src/main/java/edu/unlv/cs/rebelhotel/service/RequestInterceptor.java
/Users/user/Documents/workspace-sts-2.6.0.SR1/RebelHotel/src/main/java/edu/unlv/cs/rebelhotel/file/DefaultLexer.java
/Users/user/Documents/workspace-sts-2.6.0.SR1/RebelHotel/src/main/java/edu/unlv/cs/rebelhotel/domain/UserAccount_Roo_JavaBean.aj
/Users/user/Documents/workspace-sts-2.6.0.SR1/RebelHotel/src/main/java/edu/unlv/cs/rebelhotel/web/WorkEffortController_Roo_Controller.aj
/Users/user/Documents/workspace-sts-2.6.0.SR1/RebelHotel/src/main/java/edu/unlv/cs/rebelhotel/web/FileUploadController.java
/Users/user/Documents/workspace-sts-2.6.0.SR1/RebelHotel/src/main/java/edu/unlv/cs/rebelhotel/domain/Major_Roo_JavaBean.aj
/Users/user/Documents/workspace-sts-2.6.0.SR1/RebelHotel/src/main/java/edu/unlv/cs/rebelhotel/validators/StudentQueryValidator.java
/Users/user/Documents/workspace-sts-2.6.0.SR1/RebelHotel/src/main/java/edu/unlv/cs/rebelhotel/domain/WorkTemplate_Roo_JavaBean.aj
/Users/user/Documents/workspace-sts-2.6.0.SR1/RebelHotel/src/main/java/edu/unlv/cs/rebelhotel/service/RebelVoter.java
/Users/user/Documents/workspace-sts-2.6.0.SR1/RebelHotel/src/main/java/edu/unlv/cs/rebelhotel/domain/WorkEffort_Roo_Configurable.aj
/Users/user/Documents/workspace-sts-2.6.0.SR1/RebelHotel/src/main/java/edu/unlv/cs/rebelhotel/domain/WorkEffort_Roo_JavaBean.aj
/Users/user/Documents/workspace-sts-2.6.0.SR1/RebelHotel/src/main/java/edu/unlv/cs/rebelhotel/domain/enums/PayStatus.java
/Users/user/Documents/workspace-sts-2.6.0.SR1/RebelHotel/src/main/java/edu/unlv/cs/rebelhotel/domain/Major_Roo_ToString.aj
/Users/user/Documents/workspace-sts-2.6.0.SR1/RebelHotel/src/main/java/edu/unlv/cs/rebelhotel/domain/Major.java
/Users/user/Documents/workspace-sts-2.6.0.SR1/RebelHotel/src/main/java/edu/unlv/cs/rebelhotel/file/StudentService.java
/Users/user/Documents/workspace-sts-2.6.0.SR1/RebelHotel/src/main/java/edu/unlv/cs/rebelhotel/domain/WorkTemplate_Roo_ToString.aj
/Users/user/Documents/workspace-sts-2.6.0.SR1/RebelHotel/src/main/java/edu/unlv/cs/rebelhotel/web/UserAccountController_Roo_Controller.aj
/Users/user/Documents/workspace-sts-2.6.0.SR1/RebelHotel/src/main/java/edu/unlv/cs/rebelhotel/form/FormWorkRequirement.java
/Users/user/Documents/workspace-sts-2.6.0.SR1/RebelHotel/src/main/java/edu/unlv/cs/rebelhotel/domain/Student.java
/Users/user/Documents/workspace-sts-2.6.0.SR1/RebelHotel/src/main/java/edu/unlv/cs/rebelhotel/file/Parser.java
/Users/user/Documents/workspace-sts-2.6.0.SR1/RebelHotel/src/main/java/edu/unlv/cs/rebelhotel/domain/UserAccount_Roo_Entity.aj
/Users/user/Documents/workspace-sts-2.6.0.SR1/RebelHotel/src/main/java/edu/unlv/cs/rebelhotel/domain/WorkEffortDuration_Roo_JavaBean.aj
/Users/user/Documents/workspace-sts-2.6.0.SR1/RebelHotel/src/main/java/edu/unlv/cs/rebelhotel/web/WorkRequirementController_Roo_Controller.aj
/Users/user/Documents/workspace-sts-2.6.0.SR1/RebelHotel/src/main/java/edu/unlv/cs/rebelhotel/domain/WorkRequirement_Roo_JavaBean.aj
/Users/user/Documents/workspace-sts-2.6.0.SR1/RebelHotel/src/main/java/edu/unlv/cs/rebelhotel/domain/enums/Permissions.java
/Users/user/Documents/workspace-sts-2.6.0.SR1/RebelHotel/src/main/java/edu/unlv/cs/rebelhotel/domain/Student_Roo_JavaBean.aj
/Users/user/Documents/workspace-sts-2.6.0.SR1/RebelHotel/src/main/java/edu/unlv/cs/rebelhotel/web/WorkEffortController.java
/Users/user/Documents/workspace-sts-2.6.0.SR1/RebelHotel/src/main/java/edu/unlv/cs/rebelhotel/service/SpringApplicationContext.java
/Users/user/Documents/workspace-sts-2.6.0.SR1/RebelHotel/src/main/java/edu/unlv/cs/rebelhotel/domain/Term_Roo_JavaBean.aj
/Users/user/Documents/workspace-sts-2.6.0.SR1/RebelHotel/src/main/java/edu/unlv/cs/rebelhotel/domain/enums/VerificationType.java
/Users/user/Documents/workspace-sts-2.6.0.SR1/RebelHotel/src/main/java/edu/unlv/cs/rebelhotel/domain/WorkRequirement_Roo_ToString.aj
/Users/user/Documents/workspace-sts-2.6.0.SR1/RebelHotel/src/main/java/edu/unlv/cs/rebelhotel/validators/WorkEffortForStudentValidator.java
/Users/user/Documents/workspace-sts-2.6.0.SR1/RebelHotel/src/main/java/edu/unlv/cs/rebelhotel/web/UserAccountController.java
/Users/user/Documents/workspace-sts-2.6.0.SR1/RebelHotel/src/main/java/edu/unlv/cs/rebelhotel/file/Line.java
/Users/user/Documents/workspace-sts-2.6.0.SR1/RebelHotel/src/main/java/edu/unlv/cs/rebelhotel/domain/Supervisor.java
/Users/user/Documents/workspace-sts-2.6.0.SR1/RebelHotel/src/main/java/edu/unlv/cs/rebelhotel/form/FormWorkEffortForStudent.java
/Users/user/Documents/workspace-sts-2.6.0.SR1/RebelHotel/src/main/java/edu/unlv/cs/rebelhotel/domain/Term_Roo_Configurable.aj
/Users/user/Documents/workspace-sts-2.6.0.SR1/RebelHotel/src/main/java/edu/unlv/cs/rebelhotel/web/TestController.java
/Users/user/Documents/workspace-sts-2.6.0.SR1/RebelHotel/src/main/java/edu/unlv/cs/rebelhotel/domain/WorkTemplate_Roo_Entity.aj
/Users/user/Documents/workspace-sts-2.6.0.SR1/RebelHotel/src/main/java/edu/unlv/cs/rebelhotel/domain/WorkTemplate_Roo_Configurable.aj
/Users/user/Documents/workspace-sts-2.6.0.SR1/RebelHotel/src/main/java/edu/unlv/cs/rebelhotel/domain/enums/Departments.java
/Users/user/Documents/workspace-sts-2.6.0.SR1/RebelHotel/src/main/java/edu/unlv/cs/rebelhotel/service/RebelUserDetailsService.java
/Users/user/Documents/workspace-sts-2.6.0.SR1/RebelHotel/src/main/java/edu/unlv/cs/rebelhotel/domain/Employer.java
/Users/user/Documents/workspace-sts-2.6.0.SR1/RebelHotel/src/main/java/edu/unlv/cs/rebelhotel/domain/enums/Validation.java
